2016-03-20 22:28:56,558 [main] ERROR o.e.r.i.c.r.t.TemplatesCompletionProposalComputer - Failed to resolve super type of Optional.of(relevanceFeedback(PostingsList, boolean[], Indexer) (not open) {key=LQuery;.relevanceFeedback(LPostingsList;[ZLIndexer;)V} [in Query [in Query.java [in <default> [in <project root> [in  ]]]]])
org.eclipse.jdt.core.JavaModelException:   does not exist
	at org.eclipse.jdt.internal.core.JavaModelOperation.runOperation(JavaModelOperation.java:785) ~[org.eclipse.jdt.core_3.11.1.v20150902-1521.jar:na]
	at org.eclipse.jdt.internal.core.SourceType.newSupertypeHierarchy(SourceType.java:743) ~[org.eclipse.jdt.core_3.11.1.v20150902-1521.jar:na]
	at org.eclipse.jdt.internal.core.SourceType.newSupertypeHierarchy(SourceType.java:695) ~[org.eclipse.jdt.core_3.11.1.v20150902-1521.jar:na]
	at org.eclipse.jdt.internal.corext.util.SuperTypeHierarchyCache.getTypeHierarchy(SuperTypeHierarchyCache.java:144) ~[org.eclipse.jdt.ui_3.11.1.v20150827-1306.jar:na]
	at org.eclipse.jdt.internal.corext.util.SuperTypeHierarchyCache.getTypeHierarchy(SuperTypeHierarchyCache.java:96) ~[org.eclipse.jdt.ui_3.11.1.v20150827-1306.jar:na]
	at org.eclipse.recommenders.internal.calls.rcp.templates.TemplatesCompletionProposalComputer.getSupertypeOfThis(TemplatesCompletionProposalComputer.java:368) [org.eclipse.recommenders.calls.rcp_2.2.4.v20150914-0857.jar:na]
	at org.eclipse.recommenders.internal.calls.rcp.templates.TemplatesCompletionProposalComputer.findPotentialTypes(TemplatesCompletionProposalComputer.java:354) [org.eclipse.recommenders.calls.rcp_2.2.4.v20150914-0857.jar:na]
	at org.eclipse.recommenders.internal.calls.rcp.templates.TemplatesCompletionProposalComputer.computeCompletionProposals(TemplatesCompletionProposalComputer.java:163) [org.eclipse.recommenders.calls.rcp_2.2.4.v20150914-0857.jar:na]
	at org.eclipse.jdt.internal.ui.text.java.CompletionProposalComputerDescriptor.computeCompletionProposals(CompletionProposalComputerDescriptor.java:333) [org.eclipse.jdt.ui_3.11.1.v20150827-1306.jar:na]
	at org.eclipse.jdt.internal.ui.text.java.CompletionProposalCategory.computeCompletionProposals(CompletionProposalCategory.java:337) [org.eclipse.jdt.ui_3.11.1.v20150827-1306.jar:na]
	at org.eclipse.jdt.internal.ui.text.java.ContentAssistProcessor.collectProposals(ContentAssistProcessor.java:322) [org.eclipse.jdt.ui_3.11.1.v20150827-1306.jar:na]
	at org.eclipse.jdt.internal.ui.text.java.ContentAssistProcessor.computeCompletionProposals(ContentAssistProcessor.java:279) [org.eclipse.jdt.ui_3.11.1.v20150827-1306.jar:na]
	at org.eclipse.jface.text.contentassist.ContentAssistant$5.run(ContentAssistant.java:1904) [org.eclipse.jface.text_3.10.0.v20150603-1752.jar:na]
	at org.eclipse.core.runtime.SafeRunner.run(SafeRunner.java:42) [org.eclipse.equinox.common_3.7.0.v20150402-1709.jar:na]
	at org.eclipse.jface.text.contentassist.ContentAssistant.computeCompletionProposals(ContentAssistant.java:1902) [org.eclipse.jface.text_3.10.0.v20150603-1752.jar:na]
	at org.eclipse.jface.text.contentassist.CompletionProposalPopup.computeProposals(CompletionProposalPopup.java:573) [org.eclipse.jface.text_3.10.0.v20150603-1752.jar:na]
	at org.eclipse.jface.text.contentassist.CompletionProposalPopup.computeFilteredProposals(CompletionProposalPopup.java:1495) [org.eclipse.jface.text_3.10.0.v20150603-1752.jar:na]
	at org.eclipse.jface.text.contentassist.CompletionProposalPopup.access$4(CompletionProposalPopup.java:1484) [org.eclipse.jface.text_3.10.0.v20150603-1752.jar:na]
	at org.eclipse.jface.text.contentassist.CompletionProposalPopup$1.run(CompletionProposalPopup.java:382) [org.eclipse.jface.text_3.10.0.v20150603-1752.jar:na]
	at org.eclipse.swt.widgets.RunnableLock.run(RunnableLock.java:35) [org.eclipse.swt.cocoa.macosx.x86_64_3.104.1.v20150825-0743.jar:na]
	at org.eclipse.swt.widgets.Synchronizer.runAsyncMessages(Synchronizer.java:135) [org.eclipse.swt.cocoa.macosx.x86_64_3.104.1.v20150825-0743.jar:na]
	at org.eclipse.swt.widgets.Display.runAsyncMessages(Display.java:4024) [org.eclipse.swt.cocoa.macosx.x86_64_3.104.1.v20150825-0743.jar:na]
	at org.eclipse.swt.widgets.Display.readAndDispatch(Display.java:3700) [org.eclipse.swt.cocoa.macosx.x86_64_3.104.1.v20150825-0743.jar:na]
	at org.eclipse.e4.ui.internal.workbench.swt.PartRenderingEngine$4.run(PartRenderingEngine.java:1127) [org.eclipse.e4.ui.workbench.swt_0.13.0.v20150504-0621.jar:na]
	at org.eclipse.core.databinding.observable.Realm.runWithDefault(Realm.java:337) [org.eclipse.core.databinding.observable_1.5.0.v20150422-0725.jar:na]
	at org.eclipse.e4.ui.internal.workbench.swt.PartRenderingEngine.run(PartRenderingEngine.java:1018) [org.eclipse.e4.ui.workbench.swt_0.13.0.v20150504-0621.jar:na]
	at org.eclipse.e4.ui.internal.workbench.E4Workbench.createAndRunUI(E4Workbench.java:156) [org.eclipse.e4.ui.workbench_1.3.0.v20150531-1948.jar:na]
	at org.eclipse.ui.internal.Workbench$5.run(Workbench.java:654) [org.eclipse.ui.workbench_3.107.0.v20150825-2206.jar:na]
	at org.eclipse.core.databinding.observable.Realm.runWithDefault(Realm.java:337) [org.eclipse.core.databinding.observable_1.5.0.v20150422-0725.jar:na]
	at org.eclipse.ui.internal.Workbench.createAndRunWorkbench(Workbench.java:598) [org.eclipse.ui.workbench_3.107.0.v20150825-2206.jar:na]
	at org.eclipse.ui.PlatformUI.createAndRunWorkbench(PlatformUI.java:150) [org.eclipse.ui.workbench_3.107.0.v20150825-2206.jar:na]
	at org.eclipse.ui.internal.ide.application.IDEApplication.start(IDEApplication.java:139) [org.eclipse.ui.ide.application_1.1.0.v20150422-0725.jar:na]
	at org.eclipse.equinox.internal.app.EclipseAppHandle.run(EclipseAppHandle.java:196) [org.eclipse.equinox.app_1.3.300.v20150423-1356.jar:na]
	at org.eclipse.core.runtime.internal.adaptor.EclipseAppLauncher.runApplication(EclipseAppLauncher.java:134) [org.eclipse.osgi_3.10.101.v20150820-1432.jar:na]
	at org.eclipse.core.runtime.internal.adaptor.EclipseAppLauncher.start(EclipseAppLauncher.java:104) [org.eclipse.osgi_3.10.101.v20150820-1432.jar:na]
	at org.eclipse.core.runtime.adaptor.EclipseStarter.run(EclipseStarter.java:380) [org.eclipse.osgi_3.10.101.v20150820-1432.jar:na]
	at org.eclipse.core.runtime.adaptor.EclipseStarter.run(EclipseStarter.java:235) [org.eclipse.osgi_3.10.101.v20150820-1432.jar:na]
	at sun.reflect.NativeMethodAccessorImpl.invoke0(Native Method) ~[na:1.8.0_66]
	at sun.reflect.NativeMethodAccessorImpl.invoke(NativeMethodAccessorImpl.java:62) ~[na:1.8.0_66]
	at sun.reflect.DelegatingMethodAccessorImpl.invoke(DelegatingMethodAccessorImpl.java:43) ~[na:1.8.0_66]
	at java.lang.reflect.Method.invoke(Method.java:497) ~[na:1.8.0_66]
	at org.eclipse.equinox.launcher.Main.invokeFramework(Main.java:669) [org.eclipse.equinox.launcher_1.3.100.v20150511-1540.jar:na]
	at org.eclipse.equinox.launcher.Main.basicRun(Main.java:608) [org.eclipse.equinox.launcher_1.3.100.v20150511-1540.jar:na]
	at org.eclipse.equinox.launcher.Main.run(Main.java:1515) [org.eclipse.equinox.launcher_1.3.100.v20150511-1540.jar:na]
